2023-10-17 21:07:08 DEBUG c.x.f.c.FashionFactoryWebInit - No ContextLoaderListener registered, as createRootApplicationContext() did not return an application context
2023-10-17 21:07:08 INFO  c.x.f.c.FashionFactoryWebInit - logger running F
2023-10-17 21:07:08 INFO  c.x.f.c.FashionFactoryWebInit - logger running 
2023-10-17 21:07:08 INFO  o.s.web.servlet.DispatcherServlet - Initializing Servlet 'dispatcher'
2023-10-17 21:07:09 INFO  c.x.f.c.FashionFactoryConfiguration - FashionFactoryConfiguration constructor
2023-10-17 21:07:09 INFO  c.x.f.c.FashionFactoryConfiguration - LocalContainerEntityManagerFactoryBean started
2023-10-17 21:07:09 INFO  c.x.f.c.FashionFactoryConfiguration - bean createdorg.springframework.orm.jpa.LocalContainerEntityManagerFactoryBean@5c8e7687
2023-10-17 21:07:09 INFO  o.h.jpa.internal.util.LogHelper - HHH000204: Processing PersistenceUnitInfo [
	name: com.xworkz
	...]
2023-10-17 21:07:09 INFO  org.hibernate.Version - HHH000412: Hibernate Core {5.2.3.Final}
2023-10-17 21:07:09 INFO  org.hibernate.cfg.Environment - HHH000206: hibernate.properties not found
2023-10-17 21:07:09 INFO  org.hibernate.cfg.Environment - HHH000021: Bytecode provider name : javassist
2023-10-17 21:07:10 INFO  o.h.annotations.common.Version - HCANN000001: Hibernate Commons Annotations {5.0.1.Final}
2023-10-17 21:07:10 WARN  o.hibernate.orm.connections.pooling - HHH10001002: Using Hibernate built-in connection pool (not for production use!)
2023-10-17 21:07:10 INFO  o.hibernate.orm.connections.pooling - HHH10001005: using driver [com.mysql.jdbc.Driver] at URL [jdbc:mysql://localhost:3306/bmg]
2023-10-17 21:07:10 INFO  o.hibernate.orm.connections.pooling - HHH10001001: Connection properties: {user=root, password=****}
2023-10-17 21:07:10 INFO  o.hibernate.orm.connections.pooling - HHH10001003: Autocommit mode: false
2023-10-17 21:07:10 INFO  o.h.e.j.c.i.DriverManagerConnectionProviderImpl - HHH000115: Hibernate connection pool size: 20 (min=1)
2023-10-17 21:07:11 INFO  org.hibernate.dialect.Dialect - HHH000400: Using dialect: org.hibernate.dialect.MySQL5Dialect
2023-10-17 21:07:11 INFO  o.h.validator.internal.util.Version - HV000001: Hibernate Validator 6.2.0.Final
2023-10-17 21:07:12 INFO  o.hibernate.orm.connections.access - HHH10001501: Connection obtained from JdbcConnectionAccess [org.hibernate.engine.jdbc.env.internal.JdbcEnvironmentInitiator$ConnectionProviderJdbcConnectionAccess@5eaab295] for (non-JTA) DDL execution was not in auto-commit mode; the Connection 'local transaction' will be committed and the Connection will be set into auto-commit mode.
2023-10-17 21:07:12 INFO  o.h.h.i.QueryTranslatorFactoryInitiator - HHH000397: Using ASTQueryTranslatorFactory
2023-10-17 21:07:12 INFO  o.s.o.j.LocalContainerEntityManagerFactoryBean - Initialized JPA EntityManagerFactory for persistence unit 'com.xworkz'
2023-10-17 21:07:12 INFO  c.x.f.c.FashionFactoryConfiguration - viewResolver bean is created
2023-10-17 21:07:13 INFO  o.s.web.servlet.DispatcherServlet - Completed initialization in 4469 ms
